<?xml version="1.0" encoding="UTF-8"?>
<testng-results skipped="0" failed="0" ignored="0" total="1" passed="1">
  <reporter-output>
  </reporter-output>
  <suite name="Default suite" duration-ms="31114" started-at="2020-02-23T14:42:06Z" finished-at="2020-02-23T14:42:37Z">
    <groups>
    </groups>
    <test name="Default test" duration-ms="31114" started-at="2020-02-23T14:42:06Z" finished-at="2020-02-23T14:42:37Z">
      <class name="com.mi.MICalculator.testcases.MICalculatorTest">
        <test-method status="PASS" signature="addTest()[pri:0, instance:com.mi.MICalculator.testcases.MICalculatorTest@6093dd95]" name="addTest" duration-ms="31076" started-at="2020-02-23T14:42:06Z" finished-at="2020-02-23T14:42:37Z">
          <reporter-output>
          </reporter-output>
        </test-method> <!-- addTest -->
      </class> <!-- com.mi.MICalculator.testcases.MICalculatorTest -->
    </test> <!-- Default test -->
  </suite> <!-- Default suite -->
</testng-results>
